make all --print-data-base --no-builtin-variables --no-builtin-rules --question
# GNU Make 3.81
# Copyright (C) 2006  Free Software Foundation, Inc.
# This is free software; see the source for copying conditions.
# There is NO warranty; not even for MERCHANTABILITY or FITNESS FOR A
# PARTICULAR PURPOSE.

# This program built for i386-apple-darwin11.3.0
 
make: *** No rule to make target `all'.  Stop.


# Make data base, printed on Wed Jul 13 17:06:12 2022

# Variables

# automatic
<D = $(patsubst %/,%,$(dir $<))
# automatic
?F = $(notdir $?)
# environment
NVM_INC = /Users/sungminyou/.nvm/versions/node/v16.4.1/include/node
# automatic
 
?D = $(patsubst %/,%,$(dir $?))
# automatic
@D = $(patsubst %/,%,$(dir $@))
# automatic
@F = $(notdir $@)
# makefile
CURDIR := /Users/sungminyou/Workspace/personal/Algorithm-Gym
# makefile
SHELL = /bin/sh
# environment
VSCODE_NLS_CONFIG = {"locale":"ko","availableLanguages":{"*":"ko"},"_languagePackId":"09874dd43d51ab3e79ba0dc34dc94813.ko","_translationsConfigFile":"/Users/sungminyou/Library/Application Support/Code/clp/09874dd43d51ab3e79ba0dc34dc94813.ko/tcf.json","_cacheRoot":"/Users/sungminyou/Library/Application Support/Code/clp/09874dd43d51ab3e79ba0dc34dc94813.ko","_resolvedLanguagePackCoreLocation":"/Users/sungminyou/Library/Application Support/Code/clp/09874dd43d51ab3e79ba0dc34dc94813.ko/92d25e35d9bf1a6b16f7d0758f25d48ace11e5b9","_corruptedFile":"/Users/sungminyou/Library/Application Support/Code/clp/09874dd43d51ab3e79ba0dc34dc94813.ko/corrupted.info","_languagePackSupport":true}
# environment
_ = /usr/bin/make
# makefile
MAKEFILE_LIST := 
# environment
__CFBundleIdentifier = com.microsoft.VSCode
# environment
INFOPATH = /opt/homebrew/share/info:/opt/homebrew/share/info:
# environment
P9K_SSH = 0
# environment
VSCODE_CWD = /Users/sungminyou/Workspace/personal/Algorithm-Gym
# environment
PATH = /opt/homebrew/opt/postgresql@13/bin:/Users/sungminyou/.nvm/versions/node/v16.4.1/bin:/Users/sungminyou/.rbenv/shims:/Users/sungminyou/.rbenv/bin:/opt/homebrew/bin:/opt/homebrew/sbin:/usr/local/bin:/usr/bin:/bin:/usr/sbin:/sbin:/Library/Apple/usr/bin:/opt/homebrew/opt/postgresql@13/bin:/Users/sungminyou/.nvm/versions/node/v16.4.1/bin:/Users/sungminyou/.rbenv/shims:/Users/sungminyou/.rbenv/bin:/opt/homebrew/bin:/opt/homebrew/sbin:/Library/Java/JavaVirtualMachines/zulu-11.jdk/Contents/Home/bin:/Library/Java/JavaVirtualMachines/zulu-11.jdk/Contents/Home/bin
# environment
LSCOLORS = Gxfxcxdxbxegedabagacad
# environment
NVM_BIN = /Users/sungminyou/.nvm/versions/node/v16.4.1/bin
# environment
ELECTRON_RUN_AS_NODE = 1
# default
.FEATURES := target-specific order-only second-expansion else-if archives jobserver check-symlink
# environment
SSH_AUTH_SOCK = /private/tmp/com.apple.launchd.gVH63hi9VO/Listeners
# automatic
%F = $(notdir $%)
# environment
PWD = /Users/sungminyou/Workspace/personal/Algorithm-Gym
# environment
HOMEBREW_CELLAR = /opt/homebrew/Cellar
# environment
ORIGINAL_XDG_CURRENT_DESKTOP = undefined
# environment
MANPATH = /Users/sungminyou/.nvm/versions/node/v16.4.1/share/man:/opt/homebrew/share/man:/usr/share/man:/usr/local/share/man:/Users/sungminyou/.nvm/versions/node/v16.4.1/share/man:/opt/homebrew/share/man:
# environment
VSCODE_AMD_ENTRYPOINT = vs/workbench/api/node/extensionHostProcess
# environment
HOME = /Users/sungminyou
# default
MAKEFILEPATH := /Applications/Xcode.app/Contents/Developer/Makefiles
# environment
VSCODE_CODE_CACHE_PATH = /Users/sungminyou/Library/Application Support/Code/CachedData/92d25e35d9bf1a6b16f7d0758f25d48ace11e5b9
# environment
LOGNAME = sungminyou
# environment
APPLICATION_INSIGHTS_NO_DIAGNOSTIC_CHANNEL = true
# environment
NVM_CD_FLAGS = -q
# environment
ZSH = /Users/sungminyou/.oh-my-zsh
# environment
VSCODE_HANDLES_UNCAUGHT_ERRORS = true
# automatic
^D = $(patsubst %/,%,$(dir $^))
# environment
XPC_FLAGS = 0x0
# environment
COLORTERM = truecolor
# default
MAKE = $(MAKE_COMMAND)
# environment
LC_TERMINAL = iTerm2
# environment
SHLVL = 2
# environment
JAVA_HOME = /Library/Java/JavaVirtualMachines/zulu-11.jdk/Contents/Home
# default
MAKE_VERSION := 3.81
 
# environment
USER = sungminyou
# makefile
.DEFAULT_GOAL := 
# default
MAKECMDGOALS := all
# environment
TERM_SESSION_ID = w0t0p0:0AB23B60-7878-4987-AD7D-932A8A47334F
# environment
LESS = -R
# automatic
%D = $(patsubst %/,%,$(dir $%))
# default
MAKE_COMMAND := /Applications/Xcode.app/Contents/Developer/usr/bin/make
# environment
TERM_PROGRAM = iTerm.app
# default
.VARIABLES := 
# environment
TMPDIR = /var/folders/t_/tmbtn7d17r75nbrh0nwjy6yh0000gn/T/
# automatic
*F = $(notdir $*)
# environment
VSCODE_IPC_HOOK = /Users/sungminyou/Library/Application Support/Code/1.69.0-main.sock
# environment
MallocNanoZone = 0
# makefile
MAKEFLAGS = Rrqp
# environment
MFLAGS = -Rrqp
# automatic
*D = $(patsubst %/,%,$(dir $*))
# environment
TERM_PROGRAM_VERSION = 3.4.16
# environment
NVM_DIR = /Users/sungminyou/.nvm
# environment
XPC_SERVICE_NAME = application.com.microsoft.VSCode.39126826.39126832.5EA6927A-ED82-46CC-8F12-6FBB33EC705D
# environment
LC_TERMINAL_VERSION = 3.4.16
# environment
HOMEBREW_PREFIX = /opt/homebrew
# automatic
+D = $(patsubst %/,%,$(dir $+))
# automatic
+F = $(notdir $+)
# environment
ITERM_SESSION_ID = w0t0p0:0AB23B60-7878-4987-AD7D-932A8A47334F
# environment
HOMEBREW_REPOSITORY = /opt/homebrew
# environment
COLORFGBG = 7;0
# environment
__CF_USER_TEXT_ENCODING = 0x1F5:0x3:0x33
# environment
COMMAND_MODE = unix2003
# default
MAKEFILES := 
# environment
RBENV_SHELL = zsh
# automatic
<F = $(notdir $<)
# environment
ITERM_PROFILE = Default
# environment
EDITOR = /opt/homebrew/bin/nvim
# environment
PAGER = less
# environment
LC_ALL = C
# environment
P9K_TTY = old
# automatic
^F = $(notdir $^)
# default
SUFFIXES := 
# default
.INCLUDE_DIRS = /usr/local/include
# environment
MAKELEVEL := 0
# environment
LANG = C
# environment
TERM = xterm-256color
# environment
_P9K_TTY = /dev/ttys000
# environment
VSCODE_PID = 77467
# environment
ZSH_EVALCACHE_DIR = /Users/sungminyou/.zsh-evalcache
# variable set hash-table stats:
# Load=88/1024=9%, Rehash=0, Collisions=6/109=6%

# Pattern-specific Variable Values

# No pattern-specific variable values.

# Directories

 
# . (device 16777233, inode 2608134): 35 files, no impossibilities.

# 35 files, no impossibilities in 1 directories.

# Implicit Rules

# No implicit rules.

# Files

# Not a target:
all:
#  Command-line target.
#  Implicit rule search has been done.
#  File does not exist.
#  File has not been updated.
# variable set hash-table stats:
# Load=0/32=0%, Rehash=0, Collisions=0/0=0%

# Not a target:
.SUFFIXES:
#  Implicit rule search has not been done.
#  Modification time never checked.
#  File has not been updated.

# Not a target:
Makefile:
#  A default, MAKEFILES, or -include/sinclude makefile.
#  Implicit rule search has been done.
#  File does not exist.
#  File has been updated.
#  Failed to be updated.
# variable set hash-table stats:
# Load=0/32=0%, Rehash=0, Collisions=0/0=0%

# Not a target:
makefile:
#  A default, MAKEFILES, or -include/sinclude makefile.
#  Implicit rule search has been done.
#  File does not exist.
#  File has been updated.
#  Failed to be updated.
# variable set hash-table stats:
# Load=0/32=0%, Rehash=0, Collisions=0/0=0%

# Not a target:
.DEFAULT:
#  Implicit rule search has not been done.
#  Modification time never checked.
#  File has not been updated.

# Not a target:
GNUmakefile:
#  A default, MAKEFILES, or -include/sinclude makefile.
#  Implicit rule search has been done.
#  File does not exist.
#  File has been updated.
#  Failed to be updated.
# variable set hash-table stats:
# Load=0/32=0%, Rehash=0, Collisions=0/0=0%

# files hash-table stats:
# Load=6/1024=1%, Rehash=0, Collisions=0/17=0%
# VPATH Search Paths

# No `vpath' search paths.

# No general (`VPATH' variable) search path.

# # of strings in strcache: 0
# # of strcache buffers: 0
# strcache size: total = 0 / max = 0 / min = 4096 / avg = 0
# strcache free: total = 0 / max = 0 / min = 4096 / avg = 0

# Finished Make data base on Wed Jul 13 17:06:12 2022

 
